<<<<<<< HEAD
<?xml version="1.0" encoding="UTF-8"?>
<testsuite name="Matrix" tests="2" skipped="0" failures="0" errors="0" timestamp="2023-12-10T14:33:05" hostname="DESKTOP-E25QIIB" time="0.155">
  <properties/>
  <testcase name="Determinant" classname="Matrix" time="0.151"/>
  <testcase name="Transpose" classname="Matrix" time="0.003"/>
  <system-out><![CDATA[]]></system-out>
  <system-err><![CDATA[]]></system-err>
</testsuite>
=======
<?xml version="1.0" encoding="UTF-8"?>
<testsuite name="Matrix" tests="2" skipped="0" failures="0" errors="0" timestamp="2023-12-10T14:08:21" hostname="DESKTOP-4OO31M4" time="0.124">
  <properties/>
  <testcase name="Cofactor" classname="Matrix" time="0.121"/>
  <testcase name="Inverse" classname="Matrix" time="0.003"/>
  <system-out><![CDATA[]]></system-out>
  <system-err><![CDATA[]]></system-err>
</testsuite>
>>>>>>> origin/dev2
